<?xml version="1.0" encoding="UTF-8" ?>
<testsuite tests="1" failures="0" name="com.amazonaws.lambda.demo.LambdaFunctionHandlerTest" time="0.007" errors="1" skipped="0">
  <properties>
    <property name="java.runtime.name" value="OpenJDK Runtime Environment"/>
    <property name="sun.boot.library.path" value="D:\Java Files\zulu8.46.0.19-ca-jdk8.0.252-win_x64\jre\bin"/>
    <property name="java.vm.version" value="25.252-b14"/>
    <property name="jdk.vendor.version" value="Zulu 8.46.0.19-CA-win64"/>
    <property name="java.vm.vendor" value="Azul Systems, Inc."/>
    <property name="maven.multiModuleProjectDirectory" value="D:\All project files\simplelambdaproject"/>
    <property name="java.vendor.url" value="http://www.azulsystems.com/"/>
    <property name="path.separator" value=";"/>
    <property name="guice.disable.misplaced.annotation.check" value="true"/>
    <property name="java.vm.name" value="OpenJDK 64-Bit Server VM"/>
    <property name="file.encoding.pkg" value="sun.io"/>
    <property name="user.script" value=""/>
    <property name="user.country" value="IN"/>
    <property name="sun.java.launcher" value="SUN_STANDARD"/>
    <property name="sun.os.patch.level" value="Service Pack 1"/>
    <property name="java.vm.specification.name" value="Java Virtual Machine Specification"/>
    <property name="user.dir" value="D:\All project files\simplelambdaproject"/>
    <property name="java.runtime.version" value="1.8.0_252-b14"/>
    <property name="java.awt.graphicsenv" value="sun.awt.Win32GraphicsEnvironment"/>
    <property name="java.endorsed.dirs" value="D:\Java Files\zulu8.46.0.19-ca-jdk8.0.252-win_x64\jre\lib\endorsed"/>
    <property name="os.arch" value="amd64"/>
    <property name="java.io.tmpdir" value="C:\Users\User\AppData\Local\Temp\"/>
    <property name="line.separator" value="
"/>
    <property name="java.vm.specification.vendor" value="Oracle Corporation"/>
    <property name="user.variant" value=""/>
    <property name="os.name" value="Windows 7"/>
    <property name="classworlds.conf" value="D:\All project files\.metadata\.plugins\org.eclipse.m2e.launching\launches\m2conf5999087232994926617.tmp"/>
    <property name="jansi.force" value="true"/>
    <property name="sun.jnu.encoding" value="Cp1252"/>
    <property name="java.library.path" value="D:\Java Files\zulu8.46.0.19-ca-jdk8.0.252-win_x64\bin;C:\Windows\Sun\Java\bin;C:\Windows\system32;C:\Windows;D:/Java Files/zulu8.46.0.19-ca-jdk8.0.252-win_x64/bin/../jre/bin/server;D:/Java Files/zulu8.46.0.19-ca-jdk8.0.252-win_x64/bin/../jre/bin;D:/Java Files/zulu8.46.0.19-ca-jdk8.0.252-win_x64/bin/../jre/lib/amd64;C:\Windows\system32;C:\Windows;C:\Windows\System32\Wbem;C:\Windows\System32\WindowsPowerShell\v1.0\;C:\Program Files\Amazon\AWSCLIV2\;D:\Java Files\zulu8.46.0.19-ca-jdk8.0.252-win_x64\bin;D:\Maven Files\apache-maven-3.6.3\bin;D:\Git installation files\Git\cmd;C:\Program Files\Amazon\AWSSAMCLI\bin\;D:\kafka_2.13-2.5.0\kafka_2.13-2.5.0\bin\windows;C:\Program Files\Docker Toolbox;D:\spring tool suite\sts-4.6.0.RELEASE;;."/>
    <property name="jansi.passthrough" value="true"/>
    <property name="java.specification.name" value="Java Platform API Specification"/>
    <property name="java.class.version" value="52.0"/>
    <property name="sun.management.compiler" value="HotSpot 64-Bit Tiered Compilers"/>
    <property name="os.version" value="6.1"/>
    <property name="user.home" value="C:\Users\User"/>
    <property name="user.timezone" value="Asia/Calcutta"/>
    <property name="java.awt.printerjob" value="sun.awt.windows.WPrinterJob"/>
    <property name="java.specification.version" value="1.8"/>
    <property name="file.encoding" value="Cp1252"/>
    <property name="user.name" value="User"/>
    <property name="java.class.path" value="D:\spring tool suite\sts-4.6.0.RELEASE\plugins\org.eclipse.m2e.maven.runtime_1.15.0.20200310-1832\jars\plexus-classworlds-2.6.0.jar"/>
    <property name="java.vm.specification.version" value="1.8"/>
    <property name="sun.arch.data.model" value="64"/>
    <property name="java.home" value="D:\Java Files\zulu8.46.0.19-ca-jdk8.0.252-win_x64\jre"/>
    <property name="sun.java.command" value="org.codehaus.plexus.classworlds.launcher.Launcher -B clean package -Dstyle.color=always"/>
    <property name="java.specification.vendor" value="Oracle Corporation"/>
    <property name="user.language" value="en"/>
    <property name="awt.toolkit" value="sun.awt.windows.WToolkit"/>
    <property name="java.vm.info" value="mixed mode"/>
    <property name="java.version" value="1.8.0_252"/>
    <property name="java.ext.dirs" value="D:\Java Files\zulu8.46.0.19-ca-jdk8.0.252-win_x64\jre\lib\ext;C:\Windows\Sun\Java\lib\ext"/>
    <property name="sun.boot.class.path" value="D:\Java Files\zulu8.46.0.19-ca-jdk8.0.252-win_x64\jre\lib\resources.jar;D:\Java Files\zulu8.46.0.19-ca-jdk8.0.252-win_x64\jre\lib\rt.jar;D:\Java Files\zulu8.46.0.19-ca-jdk8.0.252-win_x64\jre\lib\sunrsasign.jar;D:\Java Files\zulu8.46.0.19-ca-jdk8.0.252-win_x64\jre\lib\jsse.jar;D:\Java Files\zulu8.46.0.19-ca-jdk8.0.252-win_x64\jre\lib\jce.jar;D:\Java Files\zulu8.46.0.19-ca-jdk8.0.252-win_x64\jre\lib\charsets.jar;D:\Java Files\zulu8.46.0.19-ca-jdk8.0.252-win_x64\jre\lib\jfr.jar;D:\Java Files\zulu8.46.0.19-ca-jdk8.0.252-win_x64\jre\classes"/>
    <property name="java.vendor" value="Azul Systems, Inc."/>
    <property name="maven.home" value="D:\All project files\simplelambdaproject\EMBEDDED"/>
    <property name="style.color" value="always"/>
    <property name="file.separator" value="\"/>
    <property name="java.vendor.url.bug" value="http://www.azulsystems.com/support/"/>
    <property name="sun.cpu.endian" value="little"/>
    <property name="sun.io.unicode.encoding" value="UnicodeLittle"/>
    <property name="sun.desktop" value="windows"/>
    <property name="sun.cpu.isalist" value="amd64"/>
  </properties>
  <testcase classname="com.amazonaws.lambda.demo.LambdaFunctionHandlerTest" name="testLambdaFunctionHandler" time="0.007">
    <error type="java.lang.NullPointerException">java.lang.NullPointerException
	at com.amazonaws.lambda.demo.LambdaFunctionHandler.handleRequest(LambdaFunctionHandler.java:10)
	at com.amazonaws.lambda.demo.LambdaFunctionHandlerTest.testLambdaFunctionHandler(LambdaFunctionHandlerTest.java:38)
	at sun.reflect.NativeMethodAccessorImpl.invoke0(Native Method)
	at sun.reflect.NativeMethodAccessorImpl.invoke(NativeMethodAccessorImpl.java:62)
	at sun.reflect.DelegatingMethodAccessorImpl.invoke(DelegatingMethodAccessorImpl.java:43)
	at java.lang.reflect.Method.invoke(Method.java:498)
	at org.junit.runners.model.FrameworkMethod$1.runReflectiveCall(FrameworkMethod.java:50)
	at org.junit.internal.runners.model.ReflectiveCallable.run(ReflectiveCallable.java:12)
	at org.junit.runners.model.FrameworkMethod.invokeExplosively(FrameworkMethod.java:47)
	at org.junit.internal.runners.statements.InvokeMethod.evaluate(InvokeMethod.java:17)
	at org.junit.runners.ParentRunner.runLeaf(ParentRunner.java:325)
	at org.junit.runners.BlockJUnit4ClassRunner.runChild(BlockJUnit4ClassRunner.java:78)
	at org.junit.runners.BlockJUnit4ClassRunner.runChild(BlockJUnit4ClassRunner.java:57)
	at org.junit.runners.ParentRunner$3.run(ParentRunner.java:290)
	at org.junit.runners.ParentRunner$1.schedule(ParentRunner.java:71)
	at org.junit.runners.ParentRunner.runChildren(ParentRunner.java:288)
	at org.junit.runners.ParentRunner.access$000(ParentRunner.java:58)
	at org.junit.runners.ParentRunner$2.evaluate(ParentRunner.java:268)
	at org.junit.internal.runners.statements.RunBefores.evaluate(RunBefores.java:26)
	at org.junit.runners.ParentRunner.run(ParentRunner.java:363)
	at org.apache.maven.surefire.junit4.JUnit4Provider.execute(JUnit4Provider.java:252)
	at org.apache.maven.surefire.junit4.JUnit4Provider.executeTestSet(JUnit4Provider.java:141)
	at org.apache.maven.surefire.junit4.JUnit4Provider.invoke(JUnit4Provider.java:112)
	at sun.reflect.NativeMethodAccessorImpl.invoke0(Native Method)
	at sun.reflect.NativeMethodAccessorImpl.invoke(NativeMethodAccessorImpl.java:62)
	at sun.reflect.DelegatingMethodAccessorImpl.invoke(DelegatingMethodAccessorImpl.java:43)
	at java.lang.reflect.Method.invoke(Method.java:498)
	at org.apache.maven.surefire.util.ReflectionUtils.invokeMethodWithArray(ReflectionUtils.java:189)
	at org.apache.maven.surefire.booter.ProviderFactory$ProviderProxy.invoke(ProviderFactory.java:165)
	at org.apache.maven.surefire.booter.ProviderFactory.invokeProvider(ProviderFactory.java:85)
	at org.apache.maven.surefire.booter.ForkedBooter.runSuitesInProcess(ForkedBooter.java:115)
	at org.apache.maven.surefire.booter.ForkedBooter.main(ForkedBooter.java:75)
</error>
  </testcase>
</testsuite>